
/home/runner/work/exp-integration-weddles-rule-iitb/exp-integration-weddles-rule-iitb/experiment/simulation/common_libraries/js/ts_components/collapse_step.js
   1:10  warning  'show_step' is defined but never used                 no-unused-vars
   2:5   warning  '$' is not defined                                    no-undef
   3:9   warning  '$' is not defined                                    no-undef
   6:10  warning  'hide_step' is defined but never used                 no-unused-vars
   7:5   warning  '$' is not defined                                    no-undef
   8:9   warning  '$' is not defined                                    no-undef
  11:10  warning  'get_collapse_btn_text' is defined but never used     no-unused-vars
  20:10  warning  'get_collapse_btn_element' is defined but never used  no-unused-vars
  29:10  warning  'hide_all_steps' is defined but never used            no-unused-vars
  31:9   warning  '$' is not defined                                    no-undef

/home/runner/work/exp-integration-weddles-rule-iitb/exp-integration-weddles-rule-iitb/experiment/simulation/common_libraries/js/ts_components/matrix.js
   27:26  warning  'MathJax' is not defined                                no-undef
   32:7   warning  'Matrix_Without_String' is defined but never used       no-unused-vars
   52:26  warning  'MathJax' is not defined                                no-undef
   56:10  warning  'get_matrix_html' is defined but never used             no-unused-vars
   87:13  warning  'row_html' is assigned a value but never used           no-unused-vars
   99:10  warning  'get_matrix_html_with_title' is defined but never used  no-unused-vars
  131:13  warning  'row_html' is assigned a value but never used           no-unused-vars
  143:10  warning  'convert_2d_to_1d_vector' is defined but never used     no-unused-vars
  156:10  warning  'convert_1d_to_2d_matrix' is defined but never used     no-unused-vars

/home/runner/work/exp-integration-weddles-rule-iitb/exp-integration-weddles-rule-iitb/experiment/simulation/common_libraries/js/ts_components/pannel.js
  8:7  warning  'Pannel' is defined but never used  no-unused-vars

/home/runner/work/exp-integration-weddles-rule-iitb/exp-integration-weddles-rule-iitb/experiment/simulation/common_libraries/js/ts_components/questions.js
   6:17  warning  'op1' is assigned a value but never used      no-unused-vars
   7:17  warning  'op2' is assigned a value but never used      no-unused-vars
   8:17  warning  'op3' is assigned a value but never used      no-unused-vars
   9:17  warning  'op4' is assigned a value but never used      no-unused-vars
  94:7   warning  'Question_Options' is defined but never used  no-unused-vars

/home/runner/work/exp-integration-weddles-rule-iitb/exp-integration-weddles-rule-iitb/experiment/simulation/common_libraries/js/ts_components/tables.js
   19:22  warning  'verify_values' is not defined                                     no-undef
  137:22  warning  'verify_values' is not defined                                     no-undef
  260:7   warning  'Verify_Rows_Cols_6_decimal_places' is defined but never used      no-unused-vars
  311:22  warning  'verify_values' is not defined                                     no-undef
  416:7   warning  'Verify_Rows_Cols_Custom_Fixed_Update1' is defined but never used  no-unused-vars
  468:7   warning  'Show_Table_Custom_Fixed' is defined but never used                no-unused-vars
  506:7   warning  'Verify_Rows_Cols_Strings' is defined but never used               no-unused-vars
  527:22  warning  'verify_values' is not defined                                     no-undef
  663:7   warning  'Display_Table' is defined but never used                          no-unused-vars

/home/runner/work/exp-integration-weddles-rule-iitb/exp-integration-weddles-rule-iitb/experiment/simulation/common_libraries/js/ts_math_library/general_math_functions.js
    1:10  warning  'verify_values' is defined but never used                   no-unused-vars
   17:10  warning  'random1' is defined but never used                         no-unused-vars
   21:10  warning  'std_deviation' is defined but never used                   no-unused-vars
   26:10  warning  'gauss' is defined but never used                           no-unused-vars
   56:10  warning  'hide_panel' is defined but never used                      no-unused-vars
   63:10  warning  'inverse_matrix' is defined but never used                  no-unused-vars
   96:10  warning  'matrix_multiplication' is defined but never used           no-unused-vars
  113:10  warning  'transpose_matrix' is defined but never used                no-unused-vars
  123:10  warning  'matrix_multiplication_8decimal' is defined but never used  no-unused-vars
  140:10  warning  'adjoint_2x2_matrix' is defined but never used              no-unused-vars
  145:10  warning  'find_deteminant' is defined but never used                 no-unused-vars
  174:10  warning  'get_Submatrix' is defined but never used                   no-unused-vars

/home/runner/work/exp-integration-weddles-rule-iitb/exp-integration-weddles-rule-iitb/experiment/simulation/common_libraries/js/ts_math_library/regression.js
   1:10  warning  'regression_linear' is defined but never used            no-unused-vars
  18:10  warning  'regression_linear_1variable' is defined but never used  no-unused-vars
  27:10  warning  'regression_linear_2variable' is defined but never used  no-unused-vars
  52:11  warning  'gauss' is not defined                                   no-undef

/home/runner/work/exp-integration-weddles-rule-iitb/exp-integration-weddles-rule-iitb/experiment/simulation/common_libraries/math.ob.js
  1:745  warning  'b' is already defined  no-redeclare

/home/runner/work/exp-integration-weddles-rule-iitb/exp-integration-weddles-rule-iitb/experiment/simulation/js/activity1.js
   13:24  warning  'MathJax' is not defined                     no-undef
   15:10  warning  'generate_values' is defined but never used  no-unused-vars
   16:5   warning  'ran_trap' is not defined                    no-undef
   17:35  warning  'ran_trap' is not defined                    no-undef
   18:5   warning  'generate_data' is not defined               no-undef
   18:19  warning  'ran_trap' is not defined                    no-undef
   18:29  warning  'x_trap' is not defined                      no-undef
   18:37  warning  'y_trap' is not defined                      no-undef
   19:34  warning  'x_trap' is not defined                      no-undef
   20:34  warning  'y_trap' is not defined                      no-undef
   21:5   warning  'trap_sum' is not defined                    no-undef
   21:16  warning  'weddle' is not defined                      no-undef
   21:23  warning  'x_trap' is not defined                      no-undef
   21:31  warning  'y_trap' is not defined                      no-undef
   22:31  warning  'trap_sum' is not defined                    no-undef
   30:20  warning  'get_collapse_btn_text' is not defined       no-undef
   54:5   warning  'hide_all_steps' is not defined              no-undef
   55:5   warning  'show_step' is not defined                   no-undef
   57:24  warning  'MathJax' is not defined                     no-undef
   62:25  warning  'x_trap' is not defined                      no-undef
   63:21  warning  'x_trap' is not defined                      no-undef
   64:35  warning  'x_trap' is not defined                      no-undef
   65:35  warning  'y_trap' is not defined                      no-undef
   86:21  warning  'Chart' is not defined                       no-undef
   89:21  warning  'x_trap' is not defined                      no-undef
   93:27  warning  'y_trap' is not defined                      no-undef
  134:10  warning  'load_I' is defined but never used           no-unused-vars
  155:22  warning  'MathJax' is not defined                     no-undef
  158:10  warning  'verify_I' is defined but never used         no-unused-vars
  163:17  warning  'trap_sum' is not defined                    no-undef
  164:10  warning  'verify_values' is not defined               no-undef
  164:60  warning  'trap_sum' is not defined                    no-undef
  180:10  warning  'exp_complete' is defined but never used     no-unused-vars

/home/runner/work/exp-integration-weddles-rule-iitb/exp-integration-weddles-rule-iitb/experiment/simulation/js/data.js
  48:5   warning  'mat_x' is assigned a value but never used         no-unused-vars
  49:5   warning  'mat_x1' is assigned a value but never used        no-unused-vars
  51:10  warning  'verify_values_abs' is defined but never used      no-unused-vars
  64:5   warning  'one_norm' is assigned a value but never used      no-unused-vars
  65:5   warning  'two_norm_sqr' is assigned a value but never used  no-unused-vars
  66:5   warning  'two_norm' is assigned a value but never used      no-unused-vars
  67:5   warning  'inf_norm' is assigned a value but never used      no-unused-vars
  68:5   warning  'temp_c' is assigned a value but never used        no-unused-vars
  69:5   warning  'mat_one_norm' is defined but never used           no-unused-vars
  70:5   warning  'sum_one_norm' is assigned a value but never used  no-unused-vars
  71:5   warning  'mat_inf_norm' is defined but never used           no-unused-vars
  72:5   warning  'sum_inf_norm' is assigned a value but never used  no-unused-vars
  73:5   warning  'ran_trap' is defined but never used               no-unused-vars
  74:5   warning  'x_trap' is assigned a value but never used        no-unused-vars
  75:5   warning  'y_trap' is assigned a value but never used        no-unused-vars
  76:5   warning  'tb_data' is assigned a value but never used       no-unused-vars
  77:5   warning  'trap_sum' is assigned a value but never used      no-unused-vars

/home/runner/work/exp-integration-weddles-rule-iitb/exp-integration-weddles-rule-iitb/experiment/simulation/js/screen_size.js
  1:10  warning  'set_screen_size' is defined but never used  no-unused-vars

/home/runner/work/exp-integration-weddles-rule-iitb/exp-integration-weddles-rule-iitb/experiment/simulation/js/weddle.js
   4:10  warning  'generate_data' is defined but never used  no-unused-vars
  13:10  warning  'trap' is defined but never used           no-unused-vars
  21:10  warning  'sim1by3' is defined but never used        no-unused-vars
  29:10  warning  'sim3by8' is defined but never used        no-unused-vars
  37:10  warning  'weddle' is defined but never used         no-unused-vars

✖ 107 problems (0 errors, 107 warnings)

